
> frontend@0.0.0 build
> tsc -b && vite build

src/components/modals/CreatePRModal.tsx(79,44): error TS2694: Namespace 'global.NodeJS' has no exported member 'Timeout'.
src/components/modals/CreatePRModal.tsx(178,17): error TS18048: 'item.pending_po_qty' is possibly 'undefined'.
src/components/pharmacyDashboard/PharmacistUserPharamacyDashboard/product/productCreate/ProductCreateModalForPharmacist.tsx(148,25): error TS2322: Type '{ data: StockInformationStep; setData: Dispatch<SetStateAction<StockInformationStep>>; onBack: () => void; onSuccess: () => void; }' is not assignable to type 'IntrinsicAttributes & StockInformationProps'.
  Property 'onSuccess' does not exist on type 'IntrinsicAttributes & StockInformationProps'.
src/pages/BranchDashboard/Appointments/BranchAdminAppointmentsNew.tsx(2929,33): error TS2322: Type 'boolean | null' is not assignable to type 'boolean | undefined'.
  Type 'null' is not assignable to type 'boolean | undefined'.
