
> frontend@0.0.0 build
> tsc -b && vite build

src/components/dashboard/sideBar/users/usersCreateForms/DoctorCreateForm.tsx(165,23): error TS2551: Property 'branch_id' does not exist on type 'IDoctorUserFormTypes'. Did you mean 'branch_ids'?
src/components/dashboard/sideBar/users/usersCreateForms/DoctorCreateForm.tsx(179,57): error TS2551: Property 'branch_id' does not exist on type 'IDoctorUserFormTypes'. Did you mean 'branch_ids'?
src/components/dashboard/sideBar/users/usersCreateForms/DoctorCreateForm.tsx(193,66): error TS2339: Property 'medical_reg_number' does not exist on type 'IDoctorUserFormTypes'.
src/components/dashboard/sideBar/users/usersCreateForms/DoctorCreateForm.tsx(194,119): error TS2339: Property 'medical_reg_number' does not exist on type 'IDoctorUserFormTypes'.
src/components/dashboard/sideBar/users/usersCreateForms/DoctorCreateForm.tsx(205,58): error TS2339: Property 'work_experience' does not exist on type 'IDoctorUserFormTypes'.
src/components/dashboard/sideBar/users/usersCreateForms/DoctorCreateForm.tsx(206,103): error TS2339: Property 'work_experience' does not exist on type 'IDoctorUserFormTypes'.
src/components/dashboard/sideBar/users/usersCreateForms/DoctorCreateForm.tsx(226,26): error TS2339: Property 'recent_photo' does not exist on type 'IDoctorUserFormTypes'.
src/components/dashboard/sideBar/users/usersCreateForms/DoctorCreateForm.tsx(227,57): error TS2339: Property 'recent_photo' does not exist on type 'IDoctorUserFormTypes'.
src/components/modals/CreatePRModal.tsx(79,44): error TS2694: Namespace 'global.NodeJS' has no exported member 'Timeout'.
src/components/modals/CreatePRModal.tsx(178,17): error TS18048: 'item.pending_po_qty' is possibly 'undefined'.
src/components/pharmacyDashboard/PharmacistUserPharamacyDashboard/product/productCreate/ProductCreateModalForPharmacist.tsx(148,25): error TS2322: Type '{ data: StockInformationStep; setData: Dispatch<SetStateAction<StockInformationStep>>; onBack: () => void; onSuccess: () => void; }' is not assignable to type 'IntrinsicAttributes & StockInformationProps'.
  Property 'onSuccess' does not exist on type 'IntrinsicAttributes & StockInformationProps'.
src/components/pharmacyDashboard/SuperAdminUserPharmacyDashboard/PharmacyInventoryManager.tsx(455,22): error TS2345: Argument of type '{ quantity_in_stock: string; minimum_stock_level: string; reorder_level: string; reorder_quantity: string; unit_cost: string; selling_price: string; expiry_date: string; date_of_entry: string; stock_status: string; stock_update_date: string; damaged_stock: string; stock_location: string; }' is not assignable to parameter of type 'SetStateAction<StockData>'.
  Property 'batch_number' is missing in type '{ quantity_in_stock: string; minimum_stock_level: string; reorder_level: string; reorder_quantity: string; unit_cost: string; selling_price: string; expiry_date: string; date_of_entry: string; stock_status: string; stock_update_date: string; damaged_stock: string; stock_location: string; }' but required in type 'StockData'.
src/components/pharmacyDashboard/SuperAdminUserPharmacyDashboard/supplier/AllPharmaciesSupplierList.tsx(151,30): error TS2345: Argument of type 'unknown[]' is not assignable to parameter of type 'SetStateAction<string[]>'.
  Type 'unknown[]' is not assignable to type 'string[]'.
    Type 'unknown' is not assignable to type 'string'.
src/components/pharmacyDashboard/SuperAdminUserPharmacyDashboard/supplier/AllPharmaciesSupplierList.tsx(152,27): error TS2345: Argument of type 'unknown[]' is not assignable to parameter of type 'SetStateAction<string[]>'.
  Type 'unknown[]' is not assignable to type 'string[]'.
    Type 'unknown' is not assignable to type 'string'.
src/components/pharmacyDashboard/SuperAdminUserPharmacyDashboard/supplier/AllPharmaciesSupplierList.tsx(153,26): error TS2345: Argument of type 'unknown[]' is not assignable to parameter of type 'SetStateAction<string[]>'.
  Type 'unknown[]' is not assignable to type 'string[]'.
    Type 'unknown' is not assignable to type 'string'.
src/components/pharmacyDashboard/SuperAdminUserPharmacyDashboard/supplier/AllPharmaciesSupplierList.tsx(158,33): error TS2345: Argument of type 'unknown[]' is not assignable to parameter of type 'SetStateAction<string[]>'.
  Type 'unknown[]' is not assignable to type 'string[]'.
    Type 'unknown' is not assignable to type 'string'.
src/components/pharmacyDashboard/SuperAdminUserPharmacyDashboard/supplier/AllPharmaciesSupplierList.tsx(690,21): error TS2322: Type '(updatedSupplier: Supplier) => Promise<void>' is not assignable to type '(supplier: SupplierList) => void | Promise<void>'.
  Types of parameters 'updatedSupplier' and 'supplier' are incompatible.
    Type 'SupplierList' is missing the following properties from type 'Supplier': pharmacy_id, pharmacy_name, products_supplied
src/context/POSContext.tsx(13,25): error TS2307: Cannot find module '../../hooks/useAuth' or its corresponding type declarations.
src/context/POSContext.tsx(14,30): error TS2307: Cannot find module '../../hooks/useRBAC' or its corresponding type declarations.
src/layout/DashboardLayout.tsx(95,32): error TS2339: Property 'userName' does not exist on type 'AuthState'.
src/layout/Hr/HRDashboardLayout.tsx(58,20): error TS2367: This comparison appears to be unintentional because the types 'number' and 'string' have no overlap.
src/layout/Hr/HRDashboardLayout.tsx(58,51): error TS2367: This comparison appears to be unintentional because the types 'number' and 'string' have no overlap.
src/layouts/POSLayout.tsx(18,37): error TS2307: Cannot find module '../../context/POSContext' or its corresponding type declarations.
src/layouts/POSLayout.tsx(19,25): error TS2307: Cannot find module '../../hooks/useAuth' or its corresponding type declarations.
src/layouts/POSLayout.tsx(20,39): error TS2307: Cannot find module '../../components/security/RoleGuard' or its corresponding type declarations.
src/pages/BranchDashboard/Appointments/BranchAdminAppointmentsNew.tsx(405,47): error TS2339: Property 'data' does not exist on type '{ status: number; logs: AuditLogEntry[]; pagination: { current_page: number; last_page: number; per_page: number; total: number; }; filters: { actions: Record<string, string>; admins: { ...; }[]; }; }'.
src/pages/BranchDashboard/Appointments/BranchAdminAppointmentsNew.tsx(406,31): error TS2339: Property 'data' does not exist on type '{ status: number; logs: AuditLogEntry[]; pagination: { current_page: number; last_page: number; per_page: number; total: number; }; filters: { actions: Record<string, string>; admins: { ...; }[]; }; }'.
src/pages/BranchDashboard/Appointments/BranchAdminAppointmentsNew.tsx(407,37): error TS2339: Property 'data' does not exist on type '{ status: number; logs: AuditLogEntry[]; pagination: { current_page: number; last_page: number; per_page: number; total: number; }; filters: { actions: Record<string, string>; admins: { ...; }[]; }; }'.
src/pages/BranchDashboard/Appointments/BranchAdminAppointmentsNew.tsx(2946,31): error TS2322: Type 'boolean | null' is not assignable to type 'boolean | undefined'.
  Type 'null' is not assignable to type 'boolean | undefined'.
src/pages/dashboard/BranchAdmin/StaffManagement/AttendanceMonitoring.tsx(43,102): error TS2322: Type 'null' is not assignable to type 'string'.
src/pages/dashboard/BranchAdmin/StaffManagement/EmployeeRecords.tsx(120,33): error TS2304: Cannot find name 'FileText'.
src/pages/dashboard/BranchAdmin/StaffManagement/EmployeeRecords.tsx(234,34): error TS2304: Cannot find name 'Building2'.
src/pages/dashboard/BranchAdmin/StaffManagement/EmployeeRecords.tsx(246,38): error TS2304: Cannot find name 'User'.
src/pages/dashboard/BranchAdmin/StaffManagement/EmployeeRecords.tsx(317,66): error TS2304: Cannot find name 'User'.
src/pages/dashboard/BranchAdmin/StaffManagement/StaffFeedback.tsx(162,51): error TS2304: Cannot find name 'FileText'.
src/pages/dashboard/BranchAdmin/StaffManagement/StaffFeedback.tsx(210,34): error TS2304: Cannot find name 'FileText'.
src/pages/dashboard/BranchAdmin/StaffManagement/StaffReports.tsx(106,60): error TS2304: Cannot find name 'FileText'.
src/pages/dashboard/BranchAdmin/StaffManagement/StaffReports.tsx(107,65): error TS2304: Cannot find name 'BarChart3'.
src/pages/dashboard/BranchAdmin/StaffManagement/StaffReports.tsx(256,54): error TS2304: Cannot find name 'FileText'.
src/pages/dashboard/BranchAdmin/StaffManagement/StaffReports.tsx(460,54): error TS2304: Cannot find name 'FileText'.
src/pages/dashboard/BranchAdmin/StaffManagement/StaffScheduling.tsx(1879,78): error TS2552: Cannot find name 'User'. Did you mean 'users'?
src/pages/dashboard/BranchAdmin/StaffManagement/StaffScheduling.tsx(1995,70): error TS2552: Cannot find name 'User'. Did you mean 'users'?
src/pages/dashboard/Pharmacist/PharmacistControlledDrugs.tsx(93,13): error TS2304: Cannot find name 'setEntries'.
src/pages/dashboard/Pharmacist/PharmacistControlledDrugs.tsx(102,15): error TS2339: Property 'drug_name' does not exist on type 'ControlledDrugEntry[] | Dispatch<SetStateAction<ControlledDrugEntry[]>>'.
  Property 'drug_name' does not exist on type 'ControlledDrugEntry[]'.
src/pages/dashboard/Pharmacist/PharmacistControlledDrugs.tsx(103,15): error TS2339: Property 'batch_number' does not exist on type 'ControlledDrugEntry[] | Dispatch<SetStateAction<ControlledDrugEntry[]>>'.
  Property 'batch_number' does not exist on type 'ControlledDrugEntry[]'.
src/pages/dashboard/Pharmacist/PharmacistControlledDrugs.tsx(104,15): error TS2339: Property 'patient_name' does not exist on type 'ControlledDrugEntry[] | Dispatch<SetStateAction<ControlledDrugEntry[]>>'.
  Property 'patient_name' does not exist on type 'ControlledDrugEntry[]'.
src/pages/dashboard/Pharmacist/PharmacistControlledDrugs.tsx(246,56): error TS2339: Property 'id' does not exist on type 'ControlledDrugEntry[] | Dispatch<SetStateAction<ControlledDrugEntry[]>>'.
  Property 'id' does not exist on type 'ControlledDrugEntry[]'.
src/pages/dashboard/Pharmacist/PharmacistControlledDrugs.tsx(248,65): error TS2339: Property 'timestamp' does not exist on type 'ControlledDrugEntry[] | Dispatch<SetStateAction<ControlledDrugEntry[]>>'.
  Property 'timestamp' does not exist on type 'ControlledDrugEntry[]'.
src/pages/dashboard/Pharmacist/PharmacistControlledDrugs.tsx(251,100): error TS2339: Property 'drug_name' does not exist on type 'ControlledDrugEntry[] | Dispatch<SetStateAction<ControlledDrugEntry[]>>'.
  Property 'drug_name' does not exist on type 'ControlledDrugEntry[]'.
src/pages/dashboard/Pharmacist/PharmacistControlledDrugs.tsx(253,100): error TS2339: Property 'batch_number' does not exist on type 'ControlledDrugEntry[] | Dispatch<SetStateAction<ControlledDrugEntry[]>>'.
  Property 'batch_number' does not exist on type 'ControlledDrugEntry[]'.
src/pages/dashboard/Pharmacist/PharmacistControlledDrugs.tsx(254,102): error TS2339: Property 'opening_balance' does not exist on type 'ControlledDrugEntry[] | Dispatch<SetStateAction<ControlledDrugEntry[]>>'.
  Property 'opening_balance' does not exist on type 'ControlledDrugEntry[]'.
src/pages/dashboard/Pharmacist/PharmacistControlledDrugs.tsx(256,56): error TS2339: Property 'received' does not exist on type 'ControlledDrugEntry[] | Dispatch<SetStateAction<ControlledDrugEntry[]>>'.
  Property 'received' does not exist on type 'ControlledDrugEntry[]'.
src/pages/dashboard/Pharmacist/PharmacistControlledDrugs.tsx(256,81): error TS2339: Property 'received' does not exist on type 'ControlledDrugEntry[] | Dispatch<SetStateAction<ControlledDrugEntry[]>>'.
  Property 'received' does not exist on type 'ControlledDrugEntry[]'.
src/pages/dashboard/Pharmacist/PharmacistControlledDrugs.tsx(259,56): error TS2339: Property 'issued' does not exist on type 'ControlledDrugEntry[] | Dispatch<SetStateAction<ControlledDrugEntry[]>>'.
  Property 'issued' does not exist on type 'ControlledDrugEntry[]'.
src/pages/dashboard/Pharmacist/PharmacistControlledDrugs.tsx(259,79): error TS2339: Property 'issued' does not exist on type 'ControlledDrugEntry[] | Dispatch<SetStateAction<ControlledDrugEntry[]>>'.
  Property 'issued' does not exist on type 'ControlledDrugEntry[]'.
src/pages/dashboard/Pharmacist/PharmacistControlledDrugs.tsx(261,100): error TS2339: Property 'closing_balance' does not exist on type 'ControlledDrugEntry[] | Dispatch<SetStateAction<ControlledDrugEntry[]>>'.
  Property 'closing_balance' does not exist on type 'ControlledDrugEntry[]'.
src/pages/dashboard/Pharmacist/PharmacistControlledDrugs.tsx(263,56): error TS2339: Property 'patient_name' does not exist on type 'ControlledDrugEntry[] | Dispatch<SetStateAction<ControlledDrugEntry[]>>'.
  Property 'patient_name' does not exist on type 'ControlledDrugEntry[]'.
src/pages/dashboard/Pharmacist/PharmacistControlledDrugs.tsx(265,93): error TS2339: Property 'patient_name' does not exist on type 'ControlledDrugEntry[] | Dispatch<SetStateAction<ControlledDrugEntry[]>>'.
  Property 'patient_name' does not exist on type 'ControlledDrugEntry[]'.
src/pages/dashboard/Pharmacist/PharmacistControlledDrugs.tsx(266,101): error TS2339: Property 'prescription_number' does not exist on type 'ControlledDrugEntry[] | Dispatch<SetStateAction<ControlledDrugEntry[]>>'.
  Property 'prescription_number' does not exist on type 'ControlledDrugEntry[]'.
src/pages/dashboard/Pharmacist/PharmacistControlledDrugs.tsx(270,100): error TS2339: Property 'issued_by' does not exist on type 'ControlledDrugEntry[] | Dispatch<SetStateAction<ControlledDrugEntry[]>>'.
  Property 'issued_by' does not exist on type 'ControlledDrugEntry[]'.
src/pages/dashboard/Pharmacist/PharmacistControlledDrugs.tsx(272,56): error TS2339: Property 'verified_by' does not exist on type 'ControlledDrugEntry[] | Dispatch<SetStateAction<ControlledDrugEntry[]>>'.
  Property 'verified_by' does not exist on type 'ControlledDrugEntry[]'.
src/pages/dashboard/Pharmacist/PharmacistControlledDrugs.tsx(275,64): error TS2339: Property 'verified_by' does not exist on type 'ControlledDrugEntry[] | Dispatch<SetStateAction<ControlledDrugEntry[]>>'.
  Property 'verified_by' does not exist on type 'ControlledDrugEntry[]'.
src/pages/dashboard/Pharmacist/PharmacistProfile.tsx(342,38): error TS2304: Cannot find name 'Award'.
src/pages/dashboard/Pharmacist/PharmacistProfile.tsx(766,46): error TS2304: Cannot find name 'Monitor'.
src/pages/dashboard/Pharmacist/PharmacistProfile.tsx(781,54): error TS2304: Cannot find name 'Monitor'.
src/pages/dashboard/Pharmacist/PharmacistProfile.tsx(932,46): error TS2304: Cannot find name 'Award'.
src/pages/dashboard/Pharmacist/PharmacistProfile.tsx(1015,43): error TS2304: Cannot find name 'uploadingPhoto'.
src/pages/dashboard/Pharmacist/PharmacistProfile.tsx(1019,34): error TS2304: Cannot find name 'uploadingPhoto'.
src/pages/dashboard/Pharmacist/PharmacistProfile.tsx(1025,47): error TS2304: Cannot find name 'uploadingPhoto'.
src/pages/dashboard/Pharmacist/PharmacistProfile.tsx(1028,38): error TS2304: Cannot find name 'Trash2'.
